# JRE version: OpenJDK Runtime Environment (7.0_95) (build 1.7.0_95-b00)
# Java VM: OpenJDK 64-Bit Server VM (24.95-b01 mixed mode linux-amd64 compressed oops)
Heap
 PSYoungGen      total 133632K, used 17910K [0x00000000eaa80000, 0x00000000f4280000, 0x0000000100000000)
  eden space 115712K, 0% used [0x00000000eaa80000,0x00000000eaa80000,0x00000000f1b80000)
  from space 17920K, 99% used [0x00000000f1b80000,0x00000000f2cfd8f0,0x00000000f2d00000)
  to   space 13824K, 0% used [0x00000000f2d00000,0x00000000f2d00000,0x00000000f3a80000)
 ParOldGen       total 42496K, used 42359K [0x00000000c0000000, 0x00000000c2980000, 0x00000000eaa80000)
  object space 42496K, 99% used [0x00000000c0000000,0x00000000c295dc28,0x00000000c2980000)
 PSPermGen       total 21504K, used 6067K [0x00000000b5a00000, 0x00000000b6f00000, 0x00000000c0000000)
  object space 21504K, 28% used [0x00000000b5a00000,0x00000000b5fecf70,0x00000000b6f00000)
GC Heap History (10 events):
Event: 2.622 GC heap after
Heap after GC invocations=4 (full 0):
 PSYoungGen      total 33280K, used 2556K [0x00000000eaa80000, 0x00000000ecd80000, 0x0000000100000000)
  eden space 30720K, 0% used [0x00000000eaa80000,0x00000000eaa80000,0x00000000ec880000)
  from space 2560K, 99% used [0x00000000ecb00000,0x00000000ecd7f240,0x00000000ecd80000)
  to   space 2560K, 0% used [0x00000000ec880000,0x00000000ec880000,0x00000000ecb00000)
 ParOldGen       total 40960K, used 8928K [0x00000000c0000000, 0x00000000c2800000, 0x00000000eaa80000)
  object space 40960K, 21% used [0x00000000c0000000,0x00000000c08b8398,0x00000000c2800000)
 PSPermGen       total 21504K, used 5864K [0x00000000b5a00000, 0x00000000b6f00000, 0x00000000c0000000)
  object space 21504K, 27% used [0x00000000b5a00000,0x00000000b5fba0f0,0x00000000b6f00000)
}
Event: 3.553 GC heap before
{Heap before GC invocations=5 (full 0):
 PSYoungGen      total 33280K, used 33276K [0x00000000eaa80000, 0x00000000ecd80000, 0x0000000100000000)
  eden space 30720K, 100% used [0x00000000eaa80000,0x00000000ec880000,0x00000000ec880000)
  from space 2560K, 99% used [0x00000000ecb00000,0x00000000ecd7f240,0x00000000ecd80000)
  to   space 2560K, 0% used [0x00000000ec880000,0x00000000ec880000,0x00000000ecb00000)
 ParOldGen       total 40960K, used 8928K [0x00000000c0000000, 0x00000000c2800000, 0x00000000eaa80000)
  object space 40960K, 21% used [0x00000000c0000000,0x00000000c08b8398,0x00000000c2800000)
 PSPermGen       total 21504K, used 5899K [0x00000000b5a00000, 0x00000000b6f00000, 0x00000000c0000000)
  object space 21504K, 27% used [0x00000000b5a00000,0x00000000b5fc2f60,0x00000000b6f00000)
Event: 3.571 GC heap after
Heap after GC invocations=5 (full 0):
 PSYoungGen      total 33280K, used 2541K [0x00000000eaa80000, 0x00000000ef480000, 0x0000000100000000)
  eden space 30720K, 0% used [0x00000000eaa80000,0x00000000eaa80000,0x00000000ec880000)
  from space 2560K, 99% used [0x00000000ec880000,0x00000000ecafb670,0x00000000ecb00000)
  to   space 7168K, 0% used [0x00000000eed80000,0x00000000eed80000,0x00000000ef480000)
 ParOldGen       total 40960K, used 13950K [0x00000000c0000000, 0x00000000c2800000, 0x00000000eaa80000)
  object space 40960K, 34% used [0x00000000c0000000,0x00000000c0d9fb50,0x00000000c2800000)
 PSPermGen       total 21504K, used 5899K [0x00000000b5a00000, 0x00000000b6f00000, 0x00000000c0000000)
  object space 21504K, 27% used [0x00000000b5a00000,0x00000000b5fc2f60,0x00000000b6f00000)
}
Event: 4.088 GC heap before
{Heap before GC invocations=6 (full 0):
 PSYoungGen      total 33280K, used 33261K [0x00000000eaa80000, 0x00000000ef480000, 0x0000000100000000)
  eden space 30720K, 100% used [0x00000000eaa80000,0x00000000ec880000,0x00000000ec880000)
  from space 2560K, 99% used [0x00000000ec880000,0x00000000ecafb670,0x00000000ecb00000)
  to   space 7168K, 0% used [0x00000000eed80000,0x00000000eed80000,0x00000000ef480000)
 ParOldGen       total 40960K, used 13950K [0x00000000c0000000, 0x00000000c2800000, 0x00000000eaa80000)
  object space 40960K, 34% used [0x00000000c0000000,0x00000000c0d9fb50,0x00000000c2800000)
 PSPermGen       total 21504K, used 5921K [0x00000000b5a00000, 0x00000000b6f00000, 0x00000000c0000000)
  object space 21504K, 27% used [0x00000000b5a00000,0x00000000b5fc8628,0x00000000b6f00000)
Event: 4.104 GC heap after
Heap after GC invocations=6 (full 0):
 PSYoungGen      total 67072K, used 7141K [0x00000000eaa80000, 0x00000000ef780000, 0x0000000100000000)
  eden space 59904K, 0% used [0x00000000eaa80000,0x00000000eaa80000,0x00000000ee500000)
  from space 7168K, 99% used [0x00000000eed80000,0x00000000ef479458,0x00000000ef480000)
  to   space 8704K, 0% used [0x00000000ee500000,0x00000000ee500000,0x00000000eed80000)
 ParOldGen       total 40960K, used 15092K [0x00000000c0000000, 0x00000000c2800000, 0x00000000eaa80000)
  object space 40960K, 36% used [0x00000000c0000000,0x00000000c0ebd378,0x00000000c2800000)
 PSPermGen       total 21504K, used 5921K [0x00000000b5a00000, 0x00000000b6f00000, 0x00000000c0000000)
  object space 21504K, 27% used [0x00000000b5a00000,0x00000000b5fc8628,0x00000000b6f00000)
}
Event: 4.864 GC heap before
{Heap before GC invocations=7 (full 0):
 PSYoungGen      total 67072K, used 67045K [0x00000000eaa80000, 0x00000000ef780000, 0x0000000100000000)
  eden space 59904K, 100% used [0x00000000eaa80000,0x00000000ee500000,0x00000000ee500000)
  from space 7168K, 99% used [0x00000000eed80000,0x00000000ef479458,0x00000000ef480000)
  to   space 8704K, 0% used [0x00000000ee500000,0x00000000ee500000,0x00000000eed80000)
 ParOldGen       total 40960K, used 15092K [0x00000000c0000000, 0x00000000c2800000, 0x00000000eaa80000)
  object space 40960K, 36% used [0x00000000c0000000,0x00000000c0ebd378,0x00000000c2800000)
 PSPermGen       total 21504K, used 5959K [0x00000000b5a00000, 0x00000000b6f00000, 0x00000000c0000000)
  object space 21504K, 27% used [0x00000000b5a00000,0x00000000b5fd1c58,0x00000000b6f00000)
Event: 4.894 GC heap after
Heap after GC invocations=7 (full 0):
 PSYoungGen      total 68608K, used 8685K [0x00000000eaa80000, 0x00000000f3a80000, 0x0000000100000000)
  eden space 59904K, 0% used [0x00000000eaa80000,0x00000000eaa80000,0x00000000ee500000)
  from space 8704K, 99% used [0x00000000ee500000,0x00000000eed7b680,0x00000000eed80000)
  to   space 13824K, 0% used [0x00000000f2d00000,0x00000000f2d00000,0x00000000f3a80000)
 ParOldGen       total 40960K, used 23212K [0x00000000c0000000, 0x00000000c2800000, 0x00000000eaa80000)
  object space 40960K, 56% used [0x00000000c0000000,0x00000000c16ab110,0x00000000c2800000)
 PSPermGen       total 21504K, used 5959K [0x00000000b5a00000, 0x00000000b6f00000, 0x00000000c0000000)
  object space 21504K, 27% used [0x00000000b5a00000,0x00000000b5fd1c58,0x00000000b6f00000)
}
Event: 5.570 GC heap before
{Heap before GC invocations=8 (full 0):
 PSYoungGen      total 68608K, used 68589K [0x00000000eaa80000, 0x00000000f3a80000, 0x0000000100000000)
  eden space 59904K, 100% used [0x00000000eaa80000,0x00000000ee500000,0x00000000ee500000)
  from space 8704K, 99% used [0x00000000ee500000,0x00000000eed7b680,0x00000000eed80000)
  to   space 13824K, 0% used [0x00000000f2d00000,0x00000000f2d00000,0x00000000f3a80000)
 ParOldGen       total 40960K, used 23212K [0x00000000c0000000, 0x00000000c2800000, 0x00000000eaa80000)
  object space 40960K, 56% used [0x00000000c0000000,0x00000000c16ab110,0x00000000c2800000)
 PSPermGen       total 21504K, used 6006K [0x00000000b5a00000, 0x00000000b6f00000, 0x00000000c0000000)
  object space 21504K, 27% used [0x00000000b5a00000,0x00000000b5fdd820,0x00000000b6f00000)
Event: 5.605 GC heap after
Heap after GC invocations=8 (full 0):
 PSYoungGen      total 129536K, used 13824K [0x00000000eaa80000, 0x00000000f4280000, 0x0000000100000000)
  eden space 115712K, 0% used [0x00000000eaa80000,0x00000000eaa80000,0x00000000f1b80000)
  from space 13824K, 100% used [0x00000000f2d00000,0x00000000f3a80000,0x00000000f3a80000)
  to   space 17920K, 0% used [0x00000000f1b80000,0x00000000f1b80000,0x00000000f2d00000)
 ParOldGen       total 40960K, used 28384K [0x00000000c0000000, 0x00000000c2800000, 0x00000000eaa80000)
  object space 40960K, 69% used [0x00000000c0000000,0x00000000c1bb81c8,0x00000000c2800000)
 PSPermGen       total 21504K, used 6006K [0x00000000b5a00000, 0x00000000b6f00000, 0x00000000c0000000)
  object space 21504K, 27% used [0x00000000b5a00000,0x00000000b5fdd820,0x00000000b6f00000)
}
Event: 6.519 GC heap before
{Heap before GC invocations=9 (full 0):
 PSYoungGen      total 129536K, used 129536K [0x00000000eaa80000, 0x00000000f4280000, 0x0000000100000000)
  eden space 115712K, 100% used [0x00000000eaa80000,0x00000000f1b80000,0x00000000f1b80000)
  from space 13824K, 100% used [0x00000000f2d00000,0x00000000f3a80000,0x00000000f3a80000)
  to   space 17920K, 0% used [0x00000000f1b80000,0x00000000f1b80000,0x00000000f2d00000)
 ParOldGen       total 40960K, used 28384K [0x00000000c0000000, 0x00000000c2800000, 0x00000000eaa80000)
  object space 40960K, 69% used [0x00000000c0000000,0x00000000c1bb81c8,0x00000000c2800000)
 PSPermGen       total 21504K, used 6067K [0x00000000b5a00000, 0x00000000b6f00000, 0x00000000c0000000)
  object space 21504K, 28% used [0x00000000b5a00000,0x00000000b5fecf70,0x00000000b6f00000)

